Using pre-set license
Built from '2020.2/release' branch; Version is '2020.2.0f1 (3721df5a8b28) revision 3613151'; Using compiler version '192528614'; Build Type 'Release'
OS: 'Windows 10  (10.0.0) 64bit' Language: 'en' Physical Memory: 16239 MB
BatchMode: 1, IsHumanControllingUs: 0, StartBugReporterOnCrash: 0, Is64bit: 1, IsPro: 0

 COMMAND LINE ARGUMENTS:
C:\Program Files\Unity\Hub\Editor\2020.2.0f1\Editor\Unity.exe
-adb2
-batchMode
-noUpm
-name
AssetImportWorker0
-projectPath
C:/Users/Kylej/Documents/Unity Projects/CookingGameThing
-logFile
Logs/AssetImportWorker0.log
-srvPort
64492
Successfully changed project path to: C:/Users/Kylej/Documents/Unity Projects/CookingGameThing
C:/Users/Kylej/Documents/Unity Projects/CookingGameThing
Using Asset Import Pipeline V2.
Refreshing native plugins compatible for Editor in 29.26 ms, found 0 plugins.
Preloading 0 native plugins for Editor in 0.00 ms.
Initialize engine version: 2020.2.0f1 (3721df5a8b28)
[Subsystems] Discovering subsystems at path C:/Program Files/Unity/Hub/Editor/2020.2.0f1/Editor/Data/Resources/UnitySubsystems
[Subsystems] Discovering subsystems at path C:/Users/Kylej/Documents/Unity Projects/CookingGameThing/Assets
GfxDevice: creating device client; threaded=0
Direct3D:
    Version:  Direct3D 11.0 [level 11.1]
    Renderer: NVIDIA Quadro P600 (ID=0x1cbc)
    Vendor:   
    VRAM:     4024 MB
    Driver:   27.21.14.5681
Initialize mono
Mono path[0] = 'C:/Program Files/Unity/Hub/Editor/2020.2.0f1/Editor/Data/Managed'
Mono path[1] = 'C:/Program Files/Unity/Hub/Editor/2020.2.0f1/Editor/Data/MonoBleedingEdge/lib/mono/unityjit'
Mono config path = 'C:/Program Files/Unity/Hub/Editor/2020.2.0f1/Editor/Data/MonoBleedingEdge/etc'
Using monoOptions --debugger-agent=transport=dt_socket,embedding=1,server=y,suspend=n,address=127.0.0.1:56108
Begin MonoManager ReloadAssembly
Registering precompiled unity dll's ...
Register platform support module: C:/Program Files/Unity/Hub/Editor/2020.2.0f1/Editor/Data/PlaybackEngines/WindowsStandaloneSupport/UnityEditor.WindowsStandalone.Extensions.dll
Registered in 0.003177 seconds.
Native extension for WindowsStandalone target not found
Refreshing native plugins compatible for Editor in 26.97 ms, found 0 plugins.
Preloading 0 native plugins for Editor in 0.00 ms.
Invoked RoslynAnalysisRunner static constructor.
RoslynAnalysisRunner will not be running.
RoslynAnalysisRunner has terminated.
Mono: successfully reloaded assembly
- Completed reload, in  1.061 seconds
Platform modules already initialized, skipping
Registering precompiled user dll's ...
Registered in 0.000624 seconds.
Begin MonoManager ReloadAssembly
Native extension for WindowsStandalone target not found
Refreshing native plugins compatible for Editor in 29.05 ms, found 0 plugins.
Preloading 0 native plugins for Editor in 0.00 ms.
Invoked RoslynAnalysisRunner static constructor.
RoslynAnalysisRunner will not be running.
RoslynAnalysisRunner has terminated.
Mono: successfully reloaded assembly
- Completed reload, in  0.902 seconds
Platform modules already initialized, skipping
========================================================================
Worker process is ready to serve import requests
Launched and connected shader compiler UnityShaderCompiler.exe after 0.03 seconds
Refreshing native plugins compatible for Editor in 0.22 ms, found 0 plugins.
Preloading 0 native plugins for Editor in 0.00 ms.
Unloading 1378 Unused Serialized files (Serialized files now loaded: 0)
System memory in use before: 66.3 MB.
System memory in use after: 66.4 MB.

Unloading 11 unused Assets to reduce memory usage. Loaded Objects now: 1821.
Total: 1.821500 ms (FindLiveObjects: 0.181000 ms CreateObjectMapping: 0.050600 ms MarkObjects: 1.531500 ms  DeleteObjects: 0.057000 ms)

========================================================================
Received Import Request.
  path: Assets/Visual/Prefabs/Player.prefab
  artifactKey: Guid(f6e49e1c34508984bbf6ef7a0a5761f7) Importer(815301076,1909f56bfc062723c751e8b465ee728b)
Start importing Assets/Visual/Prefabs/Player.prefab using Guid(f6e49e1c34508984bbf6ef7a0a5761f7) Importer(815301076,1909f56bfc062723c751e8b465ee728b)  -> (artifact id: '89265d0798bf492e2307bf32464e48ff') in 0.121955 seconds
  Import took 0.124279 seconds .

========================================================================
Received Prepare
Registering precompiled user dll's ...
Registered in 0.001021 seconds.
Begin MonoManager ReloadAssembly
Native extension for WindowsStandalone target not found
Refreshing native plugins compatible for Editor in 0.26 ms, found 0 plugins.
Preloading 0 native plugins for Editor in 0.00 ms.
Invoked RoslynAnalysisRunner static constructor.
RoslynAnalysisRunner will not be running.
RoslynAnalysisRunner has terminated.
Mono: successfully reloaded assembly
- Completed reload, in  0.803 seconds
Platform modules already initialized, skipping
Refreshing native plugins compatible for Editor in 0.26 ms, found 0 plugins.
Preloading 0 native plugins for Editor in 0.00 ms.
Unloading 1371 Unused Serialized files (Serialized files now loaded: 0)
System memory in use before: 69.6 MB.
System memory in use after: 69.7 MB.

Unloading 6 unused Assets to reduce memory usage. Loaded Objects now: 1832.
Total: 1.882400 ms (FindLiveObjects: 0.129200 ms CreateObjectMapping: 0.041500 ms MarkObjects: 1.690600 ms  DeleteObjects: 0.019600 ms)

========================================================================
Received Import Request.
  Time since last request: 21.321907 seconds.
  path: Assets/Visual/Prefabs/Player.prefab
  artifactKey: Guid(f6e49e1c34508984bbf6ef7a0a5761f7) Importer(815301076,1909f56bfc062723c751e8b465ee728b)
Start importing Assets/Visual/Prefabs/Player.prefab using Guid(f6e49e1c34508984bbf6ef7a0a5761f7) Importer(815301076,1909f56bfc062723c751e8b465ee728b)  -> (artifact id: '2f240db0166061f6d7b8cd011af89858') in 0.062199 seconds
  Import took 0.064342 seconds .

AssetImportWorkerClient::OnTransportError - code=2 error=End of file
